android/app/build/intermediates/manifest_merge_blame_file/debug/manifest-merger-blame-debug-report.txt
1<?xml version="1.0" encoding="utf-8"?>
2<manifest xmlns:android="http://schemas.android.com/apk/res/android"
3    package="com.travel"
4    android:versionCode="1"
5    android:versionName="1.0" >
6
7    <uses-sdk
8        android:minSdkVersion="21"
9        android:targetSdkVersion="31" />
10
11    <uses-permission android:name="android.permission.SYSTEM_ALERT_WINDOW" />
11-->src\debug\AndroidManifest.xml:5:5-77
11-->src\debug\AndroidManifest.xml:5:22-75
12    <uses-permission android:name="android.permission.INTERNET" />
12-->src\main\AndroidManifest.xml:4:5-67
12-->src\main\AndroidManifest.xml:4:22-64
13    <uses-permission android:name="android.permission.CAMERA" />
13-->src\main\AndroidManifest.xml:5:5-65
13-->src\main\AndroidManifest.xml:5:22-62
14    <uses-permission
14-->src\main\AndroidManifest.xml:6:5-88
15        android:name="android.hardware.camera"
15-->src\main\AndroidManifest.xml:6:22-60
16        android:required="false" />
16-->src\main\AndroidManifest.xml:6:61-85
17    <uses-permission
17-->src\main\AndroidManifest.xml:7:5-94
18        android:name="android.hardware.camera.front"
18-->src\main\AndroidManifest.xml:7:22-66
19        android:required="false" />
19-->src\main\AndroidManifest.xml:7:67-91
20    <uses-permission android:name="android.permission.WRITE_EXTERNAL_STORAGE" />
20-->src\main\AndroidManifest.xml:8:5-81
20-->src\main\AndroidManifest.xml:8:22-78
21    <uses-permission android:name="android.permission.ACCESS_FINE_LOCATION" />
21-->src\main\AndroidManifest.xml:9:5-79
21-->src\main\AndroidManifest.xml:9:22-76
22    <uses-permission android:name="android.permission.ACCESS_WIFI_STATE" />
22-->[com.facebook.flipper:flipper:0.125.0] AndroidManifest.xml:16:5-76
22-->[com.facebook.flipper:flipper:0.125.0] AndroidManifest.xml:16:22-73
23    <uses-permission android:name="android.permission.WAKE_LOCK" />
23-->[:react-native-firebase_auth] AndroidManifest.xml:10:5-68
23-->[:react-native-firebase_auth] AndroidManifest.xml:10:22-65
24    <uses-permission android:name="android.permission.ACCESS_NETWORK_STATE" />
24-->[:react-native-firebase_auth] AndroidManifest.xml:11:5-79
24-->[:react-native-firebase_auth] AndroidManifest.xml:11:22-76
25
26    <queries>
26-->[:react-native-image-crop-picker] AndroidManifest.xml:9:5-13:15
27        <intent>
27-->[:react-native-image-crop-picker] AndroidManifest.xml:10:9-12:18
28            <action android:name="android.media.action.IMAGE_CAPTURE" />
28-->[:react-native-image-crop-picker] AndroidManifest.xml:11:13-73
28-->[:react-native-image-crop-picker] AndroidManifest.xml:11:21-70
29        </intent>
30        <!-- Needs to be explicitly declared on Android R+ -->
31        <package android:name="com.google.android.apps.maps" />
31-->[com.google.android.gms:play-services-maps:18.0.2] AndroidManifest.xml:33:9-64
31-->[com.google.android.gms:play-services-maps:18.0.2] AndroidManifest.xml:33:18-61
32    </queries>
33
34    <uses-permission android:name="android.permission.ACCESS_COARSE_LOCATION" />
34-->[:react-native-maps] AndroidManifest.xml:10:5-81
34-->[:react-native-maps] AndroidManifest.xml:10:22-78
35    <uses-permission android:name="com.google.android.gms.permission.AD_ID" />
35-->[com.google.android.gms:play-services-measurement-api:21.3.0] AndroidManifest.xml:25:5-79
35-->[com.google.android.gms:play-services-measurement-api:21.3.0] AndroidManifest.xml:25:22-76
36    <uses-permission android:name="android.permission.RECEIVE_BOOT_COMPLETED" />
36-->[androidx.work:work-runtime:2.7.1] AndroidManifest.xml:27:5-81
36-->[androidx.work:work-runtime:2.7.1] AndroidManifest.xml:27:22-78
37    <uses-permission android:name="android.permission.FOREGROUND_SERVICE" />
37-->[androidx.work:work-runtime:2.7.1] AndroidManifest.xml:28:5-77
37-->[androidx.work:work-runtime:2.7.1] AndroidManifest.xml:28:22-74
38    <uses-permission android:name="com.google.android.finsky.permission.BIND_GET_INSTALL_REFERRER_SERVICE" />
38-->[com.google.android.gms:play-services-measurement:21.3.0] AndroidManifest.xml:26:5-110
38-->[com.google.android.gms:play-services-measurement:21.3.0] AndroidManifest.xml:26:22-107
39
40    <uses-feature
40-->[com.google.android.gms:play-services-maps:18.0.2] AndroidManifest.xml:26:5-28:35
41        android:glEsVersion="0x00020000"
41-->[com.google.android.gms:play-services-maps:18.0.2] AndroidManifest.xml:27:9-41
42        android:required="true" />
42-->[com.google.android.gms:play-services-maps:18.0.2] AndroidManifest.xml:28:9-32
43
44    <application
44-->src\main\AndroidManifest.xml:11:5-34:19
45        android:name="com.travel.MainApplication"
45-->src\main\AndroidManifest.xml:12:7-38
46        android:allowBackup="false"
46-->src\main\AndroidManifest.xml:16:7-34
47        android:appComponentFactory="androidx.core.app.CoreComponentFactory"
47-->[androidx.core:core:1.6.0] AndroidManifest.xml:24:18-86
48        android:debuggable="true"
49        android:icon="@mipmap/logo"
49-->src\main\AndroidManifest.xml:14:7-34
50        android:label="@string/app_name"
50-->src\main\AndroidManifest.xml:13:7-39
51        android:roundIcon="@mipmap/logo"
51-->src\main\AndroidManifest.xml:15:7-39
52        android:theme="@style/AppTheme"
52-->src\main\AndroidManifest.xml:17:7-38
53        android:usesCleartextTraffic="true" >
53-->src\debug\AndroidManifest.xml:8:9-44
54        <activity
54-->src\debug\AndroidManifest.xml:11:9-111
55            android:name="com.facebook.react.devsupport.DevSettingsActivity"
55-->src\debug\AndroidManifest.xml:11:19-83
56            android:exported="false" />
56-->src\debug\AndroidManifest.xml:11:84-108
57        <activity
57-->src\main\AndroidManifest.xml:18:7-29:18
58            android:name="com.travel.MainActivity"
58-->src\main\AndroidManifest.xml:19:9-37
59            android:configChanges="keyboard|keyboardHidden|orientation|screenLayout|screenSize|smallestScreenSize|uiMode"
59-->src\main\AndroidManifest.xml:21:9-118
60            android:exported="true"
60-->src\main\AndroidManifest.xml:24:9-32
61            android:label="@string/app_name"
61-->src\main\AndroidManifest.xml:20:9-41
62            android:launchMode="singleTask"
62-->src\main\AndroidManifest.xml:22:9-40
63            android:windowSoftInputMode="adjustResize" >
63-->src\main\AndroidManifest.xml:23:9-51
64            <intent-filter>
64-->src\main\AndroidManifest.xml:25:9-28:25
65                <action android:name="android.intent.action.MAIN" />
65-->src\main\AndroidManifest.xml:26:13-65
65-->src\main\AndroidManifest.xml:26:21-62
66
67                <category android:name="android.intent.category.LAUNCHER" />
67-->src\main\AndroidManifest.xml:27:13-73
67-->src\main\AndroidManifest.xml:27:23-70
68            </intent-filter>
69        </activity>
70
71        <meta-data
71-->src\main\AndroidManifest.xml:30:7-33:9
72            android:name="com.google.android.geo.API_KEY"
72-->src\main\AndroidManifest.xml:31:9-54
73            android:value="AIzaSyCulzITJF7hAV_2wHqsJCHkXh4oB351Wnc" />
73-->src\main\AndroidManifest.xml:32:9-64
74        <meta-data
74-->[:react-native-firebase_app] AndroidManifest.xml:11:9-13:36
75            android:name="app_data_collection_default_enabled"
75-->[:react-native-firebase_app] AndroidManifest.xml:12:13-63
76            android:value="true" />
76-->[:react-native-firebase_app] AndroidManifest.xml:13:13-33
77
78        <service
78-->[:react-native-firebase_app] AndroidManifest.xml:15:9-23:19
79            android:name="com.google.firebase.components.ComponentDiscoveryService"
79-->[:react-native-firebase_app] AndroidManifest.xml:16:13-84
80            android:directBootAware="true"
80-->[:react-native-firebase_app] AndroidManifest.xml:17:13-43
81            android:exported="false" >
81-->[:react-native-firebase_app] AndroidManifest.xml:18:13-37
82            <meta-data
82-->[:react-native-firebase_app] AndroidManifest.xml:20:13-22:85
83                android:name="com.google.firebase.components:io.invertase.firebase.app.ReactNativeFirebaseAppRegistrar"
83-->[:react-native-firebase_app] AndroidManifest.xml:21:17-120
84                android:value="com.google.firebase.components.ComponentRegistrar" />
84-->[:react-native-firebase_app] AndroidManifest.xml:22:17-82
85            <meta-data
85-->[com.google.firebase:firebase-auth:22.0.0] AndroidManifest.xml:69:13-71:85
86                android:name="com.google.firebase.components:com.google.firebase.auth.FirebaseAuthRegistrar"
86-->[com.google.firebase:firebase-auth:22.0.0] AndroidManifest.xml:70:17-109
87                android:value="com.google.firebase.components.ComponentRegistrar" />
87-->[com.google.firebase:firebase-auth:22.0.0] AndroidManifest.xml:71:17-82
88            <meta-data
88-->[com.google.firebase:firebase-firestore:24.6.1] AndroidManifest.xml:19:13-21:85
89                android:name="com.google.firebase.components:com.google.firebase.firestore.FirestoreRegistrar"
89-->[com.google.firebase:firebase-firestore:24.6.1] AndroidManifest.xml:20:17-111
90                android:value="com.google.firebase.components.ComponentRegistrar" />
90-->[com.google.firebase:firebase-firestore:24.6.1] AndroidManifest.xml:21:17-82
91            <meta-data
91-->[com.google.android.gms:play-services-measurement-api:21.3.0] AndroidManifest.xml:31:13-33:85
92                android:name="com.google.firebase.components:com.google.firebase.analytics.connector.internal.AnalyticsConnectorRegistrar"
92-->[com.google.android.gms:play-services-measurement-api:21.3.0] AndroidManifest.xml:32:17-139
93                android:value="com.google.firebase.components.ComponentRegistrar" />
93-->[com.google.android.gms:play-services-measurement-api:21.3.0] AndroidManifest.xml:33:17-82
94            <meta-data
94-->[com.google.firebase:firebase-installations:17.1.3] AndroidManifest.xml:17:13-19:85
95                android:name="com.google.firebase.components:com.google.firebase.installations.FirebaseInstallationsRegistrar"
95-->[com.google.firebase:firebase-installations:17.1.3] AndroidManifest.xml:18:17-127
96                android:value="com.google.firebase.components.ComponentRegistrar" />
96-->[com.google.firebase:firebase-installations:17.1.3] AndroidManifest.xml:19:17-82
97        </service>
98
99        <provider
99-->[:react-native-firebase_app] AndroidManifest.xml:25:9-29:38
100            android:name="io.invertase.firebase.app.ReactNativeFirebaseAppInitProvider"
100-->[:react-native-firebase_app] AndroidManifest.xml:26:13-88
101            android:authorities="com.travel.reactnativefirebaseappinitprovider"
101-->[:react-native-firebase_app] AndroidManifest.xml:27:13-86
102            android:exported="false"
102-->[:react-native-firebase_app] AndroidManifest.xml:28:13-37
103            android:initOrder="99" />
103-->[:react-native-firebase_app] AndroidManifest.xml:29:13-35
104
105        <activity
105-->[com.google.firebase:firebase-auth:22.0.0] AndroidManifest.xml:29:9-46:20
106            android:name="com.google.firebase.auth.internal.GenericIdpActivity"
106-->[com.google.firebase:firebase-auth:22.0.0] AndroidManifest.xml:30:13-80
107            android:excludeFromRecents="true"
107-->[com.google.firebase:firebase-auth:22.0.0] AndroidManifest.xml:31:13-46
108            android:exported="true"
108-->[com.google.firebase:firebase-auth:22.0.0] AndroidManifest.xml:32:13-36
109            android:launchMode="singleTask"
109-->[com.google.firebase:firebase-auth:22.0.0] AndroidManifest.xml:33:13-44
110            android:theme="@android:style/Theme.Translucent.NoTitleBar" >
110-->[com.google.firebase:firebase-auth:22.0.0] AndroidManifest.xml:34:13-72
111            <intent-filter>
111-->[com.google.firebase:firebase-auth:22.0.0] AndroidManifest.xml:35:13-45:29
112                <action android:name="android.intent.action.VIEW" />
112-->[com.google.firebase:firebase-auth:22.0.0] AndroidManifest.xml:36:17-69
112-->[com.google.firebase:firebase-auth:22.0.0] AndroidManifest.xml:36:25-66
113
114                <category android:name="android.intent.category.DEFAULT" />
114-->[com.google.firebase:firebase-auth:22.0.0] AndroidManifest.xml:38:17-76
114-->[com.google.firebase:firebase-auth:22.0.0] AndroidManifest.xml:38:27-73
115                <category android:name="android.intent.category.BROWSABLE" />
115-->[com.google.firebase:firebase-auth:22.0.0] AndroidManifest.xml:39:17-78
115-->[com.google.firebase:firebase-auth:22.0.0] AndroidManifest.xml:39:27-75
116
117                <data
117-->[com.google.firebase:firebase-auth:22.0.0] AndroidManifest.xml:41:17-44:51
118                    android:host="firebase.auth"
118-->[com.google.firebase:firebase-auth:22.0.0] AndroidManifest.xml:42:21-49
119                    android:path="/"
119-->[com.google.firebase:firebase-auth:22.0.0] AndroidManifest.xml:43:21-37
120                    android:scheme="genericidp" />
120-->[com.google.firebase:firebase-auth:22.0.0] AndroidManifest.xml:44:21-48
121            </intent-filter>
122        </activity>
123        <activity
123-->[com.google.firebase:firebase-auth:22.0.0] AndroidManifest.xml:47:9-64:20
124            android:name="com.google.firebase.auth.internal.RecaptchaActivity"
124-->[com.google.firebase:firebase-auth:22.0.0] AndroidManifest.xml:48:13-79
125            android:excludeFromRecents="true"
125-->[com.google.firebase:firebase-auth:22.0.0] AndroidManifest.xml:49:13-46
126            android:exported="true"
126-->[com.google.firebase:firebase-auth:22.0.0] AndroidManifest.xml:50:13-36
127            android:launchMode="singleTask"
127-->[com.google.firebase:firebase-auth:22.0.0] AndroidManifest.xml:51:13-44
128            android:theme="@android:style/Theme.Translucent.NoTitleBar" >
128-->[com.google.firebase:firebase-auth:22.0.0] AndroidManifest.xml:52:13-72
129            <intent-filter>
129-->[com.google.firebase:firebase-auth:22.0.0] AndroidManifest.xml:53:13-63:29
130                <action android:name="android.intent.action.VIEW" />
130-->[com.google.firebase:firebase-auth:22.0.0] AndroidManifest.xml:36:17-69
130-->[com.google.firebase:firebase-auth:22.0.0] AndroidManifest.xml:36:25-66
131
132                <category android:name="android.intent.category.DEFAULT" />
132-->[com.google.firebase:firebase-auth:22.0.0] AndroidManifest.xml:38:17-76
132-->[com.google.firebase:firebase-auth:22.0.0] AndroidManifest.xml:38:27-73
133                <category android:name="android.intent.category.BROWSABLE" />
133-->[com.google.firebase:firebase-auth:22.0.0] AndroidManifest.xml:39:17-78
133-->[com.google.firebase:firebase-auth:22.0.0] AndroidManifest.xml:39:27-75
134
135                <data
135-->[com.google.firebase:firebase-auth:22.0.0] AndroidManifest.xml:41:17-44:51
136                    android:host="firebase.auth"
136-->[com.google.firebase:firebase-auth:22.0.0] AndroidManifest.xml:42:21-49
137                    android:path="/"
137-->[com.google.firebase:firebase-auth:22.0.0] AndroidManifest.xml:43:21-37
138                    android:scheme="recaptcha" />
138-->[com.google.firebase:firebase-auth:22.0.0] AndroidManifest.xml:44:21-48
139            </intent-filter>
140        </activity>
141
142        <provider
142-->[:react-native-image-crop-picker] AndroidManifest.xml:18:9-26:20
143            android:name="com.reactnative.ivpusic.imagepicker.IvpusicImagePickerFileProvider"
143-->[:react-native-image-crop-picker] AndroidManifest.xml:19:13-94
144            android:authorities="com.travel.provider"
144-->[:react-native-image-crop-picker] AndroidManifest.xml:20:13-60
145            android:exported="false"
145-->[:react-native-image-crop-picker] AndroidManifest.xml:21:13-37
146            android:grantUriPermissions="true" >
146-->[:react-native-image-crop-picker] AndroidManifest.xml:22:13-47
147            <meta-data
147-->[:react-native-image-crop-picker] AndroidManifest.xml:23:13-25:78
148                android:name="android.support.FILE_PROVIDER_PATHS"
148-->[:react-native-image-crop-picker] AndroidManifest.xml:24:17-67
149                android:resource="@xml/ivpusic_imagepicker_provider_paths" />
149-->[:react-native-image-crop-picker] AndroidManifest.xml:25:17-75
150        </provider>
151
152        <activity
152-->[:react-native-image-crop-picker] AndroidManifest.xml:28:9-30:72
153            android:name="com.yalantis.ucrop.UCropActivity"
153-->[:react-native-image-crop-picker] AndroidManifest.xml:29:13-60
154            android:theme="@style/Theme.AppCompat.Light.NoActionBar" />
154-->[:react-native-image-crop-picker] AndroidManifest.xml:30:13-69
155
156        <provider
156-->[com.google.firebase:firebase-common:20.3.3] AndroidManifest.xml:25:9-30:39
157            android:name="com.google.firebase.provider.FirebaseInitProvider"
157-->[com.google.firebase:firebase-common:20.3.3] AndroidManifest.xml:26:13-77
158            android:authorities="com.travel.firebaseinitprovider"
158-->[com.google.firebase:firebase-common:20.3.3] AndroidManifest.xml:27:13-72
159            android:directBootAware="true"
159-->[com.google.firebase:firebase-common:20.3.3] AndroidManifest.xml:28:13-43
160            android:exported="false"
160-->[com.google.firebase:firebase-common:20.3.3] AndroidManifest.xml:29:13-37
161            android:initOrder="100" />
161-->[com.google.firebase:firebase-common:20.3.3] AndroidManifest.xml:30:13-36
162        <provider
162-->[androidx.work:work-runtime:2.7.1] AndroidManifest.xml:31:9-39:20
163            android:name="androidx.startup.InitializationProvider"
163-->[androidx.work:work-runtime:2.7.1] AndroidManifest.xml:32:13-67
164            android:authorities="com.travel.androidx-startup"
164-->[androidx.work:work-runtime:2.7.1] AndroidManifest.xml:33:13-68
165            android:exported="false" >
165-->[androidx.work:work-runtime:2.7.1] AndroidManifest.xml:34:13-37
166            <meta-data
166-->[androidx.work:work-runtime:2.7.1] AndroidManifest.xml:36:13-38:52
167                android:name="androidx.work.WorkManagerInitializer"
167-->[androidx.work:work-runtime:2.7.1] AndroidManifest.xml:37:17-68
168                android:value="androidx.startup" />
168-->[androidx.work:work-runtime:2.7.1] AndroidManifest.xml:38:17-49
169        </provider>
170
171        <service
171-->[androidx.work:work-runtime:2.7.1] AndroidManifest.xml:41:9-46:35
172            android:name="androidx.work.impl.background.systemalarm.SystemAlarmService"
172-->[androidx.work:work-runtime:2.7.1] AndroidManifest.xml:42:13-88
173            android:directBootAware="false"
173-->[androidx.work:work-runtime:2.7.1] AndroidManifest.xml:43:13-44
174            android:enabled="@bool/enable_system_alarm_service_default"
174-->[androidx.work:work-runtime:2.7.1] AndroidManifest.xml:44:13-72
175            android:exported="false" />
175-->[androidx.work:work-runtime:2.7.1] AndroidManifest.xml:45:13-37
176        <service
176-->[androidx.work:work-runtime:2.7.1] AndroidManifest.xml:47:9-53:35
177            android:name="androidx.work.impl.background.systemjob.SystemJobService"
177-->[androidx.work:work-runtime:2.7.1] AndroidManifest.xml:48:13-84
178            android:directBootAware="false"
178-->[androidx.work:work-runtime:2.7.1] AndroidManifest.xml:49:13-44
179            android:enabled="@bool/enable_system_job_service_default"
179-->[androidx.work:work-runtime:2.7.1] AndroidManifest.xml:50:13-70
180            android:exported="true"
180-->[androidx.work:work-runtime:2.7.1] AndroidManifest.xml:51:13-36
181            android:permission="android.permission.BIND_JOB_SERVICE" />
181-->[androidx.work:work-runtime:2.7.1] AndroidManifest.xml:52:13-69
182        <service
182-->[androidx.work:work-runtime:2.7.1] AndroidManifest.xml:54:9-59:35
183            android:name="androidx.work.impl.foreground.SystemForegroundService"
183-->[androidx.work:work-runtime:2.7.1] AndroidManifest.xml:55:13-81
184            android:directBootAware="false"
184-->[androidx.work:work-runtime:2.7.1] AndroidManifest.xml:56:13-44
185            android:enabled="@bool/enable_system_foreground_service_default"
185-->[androidx.work:work-runtime:2.7.1] AndroidManifest.xml:57:13-77
186            android:exported="false" />
186-->[androidx.work:work-runtime:2.7.1] AndroidManifest.xml:58:13-37
187
188        <receiver
188-->[androidx.work:work-runtime:2.7.1] AndroidManifest.xml:61:9-66:35
189            android:name="androidx.work.impl.utils.ForceStopRunnable$BroadcastReceiver"
189-->[androidx.work:work-runtime:2.7.1] AndroidManifest.xml:62:13-88
190            android:directBootAware="false"
190-->[androidx.work:work-runtime:2.7.1] AndroidManifest.xml:63:13-44
191            android:enabled="true"
191-->[androidx.work:work-runtime:2.7.1] AndroidManifest.xml:64:13-35
192            android:exported="false" />
192-->[androidx.work:work-runtime:2.7.1] AndroidManifest.xml:65:13-37
193        <receiver
193-->[androidx.work:work-runtime:2.7.1] AndroidManifest.xml:67:9-77:20
194            android:name="androidx.work.impl.background.systemalarm.ConstraintProxy$BatteryChargingProxy"
194-->[androidx.work:work-runtime:2.7.1] AndroidManifest.xml:68:13-106
195            android:directBootAware="false"
195-->[androidx.work:work-runtime:2.7.1] AndroidManifest.xml:69:13-44
196            android:enabled="false"
196-->[androidx.work:work-runtime:2.7.1] AndroidManifest.xml:70:13-36
197            android:exported="false" >
197-->[androidx.work:work-runtime:2.7.1] AndroidManifest.xml:71:13-37
198            <intent-filter>
198-->[androidx.work:work-runtime:2.7.1] AndroidManifest.xml:73:13-76:29
199                <action android:name="android.intent.action.ACTION_POWER_CONNECTED" />
199-->[androidx.work:work-runtime:2.7.1] AndroidManifest.xml:74:17-87
199-->[androidx.work:work-runtime:2.7.1] AndroidManifest.xml:74:25-84
200                <action android:name="android.intent.action.ACTION_POWER_DISCONNECTED" />
200-->[androidx.work:work-runtime:2.7.1] AndroidManifest.xml:75:17-90
200-->[androidx.work:work-runtime:2.7.1] AndroidManifest.xml:75:25-87
201            </intent-filter>
202        </receiver>
203        <receiver
203-->[androidx.work:work-runtime:2.7.1] AndroidManifest.xml:78:9-88:20
204            android:name="androidx.work.impl.background.systemalarm.ConstraintProxy$BatteryNotLowProxy"
204-->[androidx.work:work-runtime:2.7.1] AndroidManifest.xml:79:13-104
205            android:directBootAware="false"
205-->[androidx.work:work-runtime:2.7.1] AndroidManifest.xml:80:13-44
206            android:enabled="false"
206-->[androidx.work:work-runtime:2.7.1] AndroidManifest.xml:81:13-36
207            android:exported="false" >
207-->[androidx.work:work-runtime:2.7.1] AndroidManifest.xml:82:13-37
208            <intent-filter>
208-->[androidx.work:work-runtime:2.7.1] AndroidManifest.xml:84:13-87:29
209                <action android:name="android.intent.action.BATTERY_OKAY" />
209-->[androidx.work:work-runtime:2.7.1] AndroidManifest.xml:85:17-77
209-->[androidx.work:work-runtime:2.7.1] AndroidManifest.xml:85:25-74
210                <action android:name="android.intent.action.BATTERY_LOW" />
210-->[androidx.work:work-runtime:2.7.1] AndroidManifest.xml:86:17-76
210-->[androidx.work:work-runtime:2.7.1] AndroidManifest.xml:86:25-73
211            </intent-filter>
212        </receiver>
213        <receiver
213-->[androidx.work:work-runtime:2.7.1] AndroidManifest.xml:89:9-99:20
214            android:name="androidx.work.impl.background.systemalarm.ConstraintProxy$StorageNotLowProxy"
214-->[androidx.work:work-runtime:2.7.1] AndroidManifest.xml:90:13-104
215            android:directBootAware="false"
215-->[androidx.work:work-runtime:2.7.1] AndroidManifest.xml:91:13-44
216            android:enabled="false"
216-->[androidx.work:work-runtime:2.7.1] AndroidManifest.xml:92:13-36
217            android:exported="false" >
217-->[androidx.work:work-runtime:2.7.1] AndroidManifest.xml:93:13-37
218            <intent-filter>
218-->[androidx.work:work-runtime:2.7.1] AndroidManifest.xml:95:13-98:29
219                <action android:name="android.intent.action.DEVICE_STORAGE_LOW" />
219-->[androidx.work:work-runtime:2.7.1] AndroidManifest.xml:96:17-83
219-->[androidx.work:work-runtime:2.7.1] AndroidManifest.xml:96:25-80
220                <action android:name="android.intent.action.DEVICE_STORAGE_OK" />
220-->[androidx.work:work-runtime:2.7.1] AndroidManifest.xml:97:17-82
220-->[androidx.work:work-runtime:2.7.1] AndroidManifest.xml:97:25-79
221            </intent-filter>
222        </receiver>
223        <receiver
223-->[androidx.work:work-runtime:2.7.1] AndroidManifest.xml:100:9-109:20
224            android:name="androidx.work.impl.background.systemalarm.ConstraintProxy$NetworkStateProxy"
224-->[androidx.work:work-runtime:2.7.1] AndroidManifest.xml:101:13-103
225            android:directBootAware="false"
225-->[androidx.work:work-runtime:2.7.1] AndroidManifest.xml:102:13-44
226            android:enabled="false"
226-->[androidx.work:work-runtime:2.7.1] AndroidManifest.xml:103:13-36
227            android:exported="false" >
227-->[androidx.work:work-runtime:2.7.1] AndroidManifest.xml:104:13-37
228            <intent-filter>
228-->[androidx.work:work-runtime:2.7.1] AndroidManifest.xml:106:13-108:29
229                <action android:name="android.net.conn.CONNECTIVITY_CHANGE" />
229-->[androidx.work:work-runtime:2.7.1] AndroidManifest.xml:107:17-79
229-->[androidx.work:work-runtime:2.7.1] AndroidManifest.xml:107:25-76
230            </intent-filter>
231        </receiver>
232        <receiver
232-->[androidx.work:work-runtime:2.7.1] AndroidManifest.xml:110:9-121:20
233            android:name="androidx.work.impl.background.systemalarm.RescheduleReceiver"
233-->[androidx.work:work-runtime:2.7.1] AndroidManifest.xml:111:13-88
234            android:directBootAware="false"
234-->[androidx.work:work-runtime:2.7.1] AndroidManifest.xml:112:13-44
235            android:enabled="false"
235-->[androidx.work:work-runtime:2.7.1] AndroidManifest.xml:113:13-36
236            android:exported="false" >
236-->[androidx.work:work-runtime:2.7.1] AndroidManifest.xml:114:13-37
237            <intent-filter>
237-->[androidx.work:work-runtime:2.7.1] AndroidManifest.xml:116:13-120:29
238                <action android:name="android.intent.action.BOOT_COMPLETED" />
238-->[androidx.work:work-runtime:2.7.1] AndroidManifest.xml:117:17-79
238-->[androidx.work:work-runtime:2.7.1] AndroidManifest.xml:117:25-76
239                <action android:name="android.intent.action.TIME_SET" />
239-->[androidx.work:work-runtime:2.7.1] AndroidManifest.xml:118:17-73
239-->[androidx.work:work-runtime:2.7.1] AndroidManifest.xml:118:25-70
240                <action android:name="android.intent.action.TIMEZONE_CHANGED" />
240-->[androidx.work:work-runtime:2.7.1] AndroidManifest.xml:119:17-81
240-->[androidx.work:work-runtime:2.7.1] AndroidManifest.xml:119:25-78
241            </intent-filter>
242        </receiver>
243        <receiver
243-->[androidx.work:work-runtime:2.7.1] AndroidManifest.xml:122:9-131:20
244            android:name="androidx.work.impl.background.systemalarm.ConstraintProxyUpdateReceiver"
244-->[androidx.work:work-runtime:2.7.1] AndroidManifest.xml:123:13-99
245            android:directBootAware="false"
245-->[androidx.work:work-runtime:2.7.1] AndroidManifest.xml:124:13-44
246            android:enabled="@bool/enable_system_alarm_service_default"
246-->[androidx.work:work-runtime:2.7.1] AndroidManifest.xml:125:13-72
247            android:exported="false" >
247-->[androidx.work:work-runtime:2.7.1] AndroidManifest.xml:126:13-37
248            <intent-filter>
248-->[androidx.work:work-runtime:2.7.1] AndroidManifest.xml:128:13-130:29
249                <action android:name="androidx.work.impl.background.systemalarm.UpdateProxies" />
249-->[androidx.work:work-runtime:2.7.1] AndroidManifest.xml:129:17-98
249-->[androidx.work:work-runtime:2.7.1] AndroidManifest.xml:129:25-95
250            </intent-filter>
251        </receiver>
252        <receiver
252-->[androidx.work:work-runtime:2.7.1] AndroidManifest.xml:132:9-142:20
253            android:name="androidx.work.impl.diagnostics.DiagnosticsReceiver"
253-->[androidx.work:work-runtime:2.7.1] AndroidManifest.xml:133:13-78
254            android:directBootAware="false"
254-->[androidx.work:work-runtime:2.7.1] AndroidManifest.xml:134:13-44
255            android:enabled="true"
255-->[androidx.work:work-runtime:2.7.1] AndroidManifest.xml:135:13-35
256            android:exported="true"
256-->[androidx.work:work-runtime:2.7.1] AndroidManifest.xml:136:13-36
257            android:permission="android.permission.DUMP" >
257-->[androidx.work:work-runtime:2.7.1] AndroidManifest.xml:137:13-57
258            <intent-filter>
258-->[androidx.work:work-runtime:2.7.1] AndroidManifest.xml:139:13-141:29
259                <action android:name="androidx.work.diagnostics.REQUEST_DIAGNOSTICS" />
259-->[androidx.work:work-runtime:2.7.1] AndroidManifest.xml:140:17-88
259-->[androidx.work:work-runtime:2.7.1] AndroidManifest.xml:140:25-85
260            </intent-filter>
261        </receiver>
262
263        <service
263-->[androidx.room:room-runtime:2.2.5] AndroidManifest.xml:25:9-28:40
264            android:name="androidx.room.MultiInstanceInvalidationService"
264-->[androidx.room:room-runtime:2.2.5] AndroidManifest.xml:26:13-74
265            android:directBootAware="true"
265-->[androidx.room:room-runtime:2.2.5] AndroidManifest.xml:27:13-43
266            android:exported="false" />
266-->[androidx.room:room-runtime:2.2.5] AndroidManifest.xml:28:13-37
267
268        <receiver
268-->[com.google.android.gms:play-services-measurement:21.3.0] AndroidManifest.xml:29:9-33:20
269            android:name="com.google.android.gms.measurement.AppMeasurementReceiver"
269-->[com.google.android.gms:play-services-measurement:21.3.0] AndroidManifest.xml:30:13-85
270            android:enabled="true"
270-->[com.google.android.gms:play-services-measurement:21.3.0] AndroidManifest.xml:31:13-35
271            android:exported="false" >